<?xml version="1.0" encoding="UTF-8"?>
<!-- Generated by org.testng.reporters.JUnitReportReporter -->
<testsuite hostname="LIN25001445" failures="0" tests="2" name="test.Amazon_Seach_TC1" time="15.174" errors="0" timestamp="2023-02-14T16:10:56 IST" skipped="0">
  <testcase classname="test.Amazon_Seach_TC1" name="searchForMobilePhones" time="14.778"/>
  <system-out/>
  <testcase classname="test.Amazon_Seach_TC1" name="screenShotOfDetails" time="0.396"/>
  <system-out/>
</testsuite> <!-- test.Amazon_Seach_TC1 -->
