<?xml version="1.0" encoding="UTF-8"?>
<!-- Generated by org.testng.reporters.JUnitReportReporter -->
<testsuite hostname="LIN25001445" failures="0" tests="6" name="testNG.ParametersInTestNG" time="0.017" errors="0" timestamp="2023-02-13T13:01:07 IST" skipped="1">
  <testcase classname="testNG.ParametersInTestNG" name="addn" time="0.007"/>
  <system-out/>
  <testcase classname="testNG.ParametersInTestNG" name="mod" time="0.001"/>
  <system-out/>
  <testcase classname="testNG.ParametersInTestNG" name="muln" time="0.002"/>
  <system-out/>
  <testcase classname="testNG.ParametersInTestNG" name="divn" time="0.006"/>
  <system-out/>
  <testcase classname="testNG.ParametersInTestNG" name="subn" time="0.001"/>
  <system-out/>
  <testcase classname="testNG.ParametersInTestNG" name="divn1">
    <skipped/>
  </testcase> <!-- divn1 -->
  <system-out/>
</testsuite> <!-- testNG.ParametersInTestNG -->
