<?xml version="1.0" encoding="UTF-8"?>
<!-- Generated by org.testng.reporters.JUnitReportReporter -->
<testsuite hostname="LIN25001445" failures="0" tests="1" name="testNG.TestNG_DEMO1" time="0.006" errors="0" timestamp="2023-02-08T20:50:54 IST" skipped="0">
  <testcase classname="testNG.TestNG_DEMO1" name="test" time="0.006"/>
  <system-out/>
</testsuite> <!-- testNG.TestNG_DEMO1 -->
