<?xml version="1.0" encoding="UTF-8"?>
<!-- Generated by org.testng.reporters.JUnitReportReporter -->
<testsuite hostname="LIN25001445" failures="0" tests="2" name="testNG.TestNG_ParallelExecutionTask" time="5.896" errors="0" timestamp="2023-02-10T14:15:08 IST" skipped="0">
  <testcase classname="testNG.TestNG_ParallelExecutionTask" name="test2" time="2.112"/>
  <system-out/>
  <testcase classname="testNG.TestNG_ParallelExecutionTask" name="test1" time="3.784"/>
  <system-out/>
</testsuite> <!-- testNG.TestNG_ParallelExecutionTask -->
