<?xml version="1.0" encoding="UTF-8"?>
<!-- Generated by org.testng.reporters.JUnitReportReporter -->
<testsuite hostname="LIN25001445" failures="0" tests="2" name="testNG_Practice.Asserts" time="4.333" errors="0" timestamp="2023-02-13T14:29:33 IST" skipped="0">
  <testcase classname="testNG_Practice.Asserts" name="test2" time="1.658"/>
  <system-out/>
  <testcase classname="testNG_Practice.Asserts" name="test1" time="2.675"/>
  <system-out/>
</testsuite> <!-- testNG_Practice.Asserts -->
