<?xml version="1.0" encoding="UTF-8"?>
<!-- Generated by org.testng.reporters.JUnitReportReporter -->
<testsuite hostname="LIN25001445" failures="0" tests="8" name="testNG_Practice.Attributes" time="0.014" errors="0" timestamp="2023-02-13T14:29:10 IST" skipped="1">
  <testcase classname="testNG_Practice.Attributes" name="A7Group2" time="0.001"/>
  <system-out/>
  <testcase classname="testNG_Practice.Attributes" name="A6dependsOnM2" time="0.001"/>
  <system-out/>
  <testcase classname="testNG_Practice.Attributes" name="A6dependsOnM1" time="0.002"/>
  <system-out/>
  <testcase classname="testNG_Practice.Attributes" name="A2Group" time="0.001"/>
  <system-out/>
  <testcase classname="testNG_Practice.Attributes" name="A4TimeOut" time="0.004"/>
  <system-out/>
  <testcase classname="testNG_Practice.Attributes" name="A1Description" time="0.004"/>
  <system-out/>
  <testcase classname="testNG_Practice.Attributes" name="A5Priority" time="0.001"/>
  <system-out/>
  <testcase classname="testNG_Practice.Attributes" name="A3Enabled">
    <skipped/>
  </testcase> <!-- A3Enabled -->
  <system-out/>
</testsuite> <!-- testNG_Practice.Attributes -->
