<?xml version="1.0" encoding="UTF-8"?>
<!-- Generated by org.testng.reporters.JUnitReportReporter -->
<testsuite hostname="LIN25001445" failures="0" tests="5" name="testNG.ParamTestWithDataProvider1" time="0.015" errors="0" timestamp="2023-02-10T15:01:09 IST" skipped="0">
  <testcase classname="testNG.ParamTestWithDataProvider1" name="testPrimeNumberChecker" time="0.002"/>
  <system-out/>
  <testcase classname="testNG.ParamTestWithDataProvider1" name="testPrimeNumberChecker" time="0.001"/>
  <system-out/>
  <testcase classname="testNG.ParamTestWithDataProvider1" name="testPrimeNumberChecker" time="0.008"/>
  <system-out/>
  <testcase classname="testNG.ParamTestWithDataProvider1" name="testPrimeNumberChecker" time="0.003"/>
  <system-out/>
  <testcase classname="testNG.ParamTestWithDataProvider1" name="testPrimeNumberChecker" time="0.001"/>
  <system-out/>
</testsuite> <!-- testNG.ParamTestWithDataProvider1 -->
