<?xml version="1.0" encoding="UTF-8"?>
<!-- Generated by org.testng.reporters.JUnitReportReporter -->
<testsuite hostname="LIN25001445" failures="0" tests="2" name="testNG.TestNg_Task" time="4.004" errors="0" timestamp="2023-02-08T20:50:54 IST" skipped="0">
  <testcase classname="testNG.TestNg_Task" name="test1" time="3.794"/>
  <system-out/>
  <testcase classname="testNG.TestNg_Task" name="test2" time="0.210"/>
  <system-out/>
</testsuite> <!-- testNG.TestNg_Task -->
