<?xml version="1.0" encoding="UTF-8"?>
<!-- Generated by org.testng.reporters.JUnitReportReporter -->
<testsuite hostname="LIN25001445" failures="0" tests="1" name="testNG.TestNG_ParametersTask" time="0.012" errors="0" timestamp="2023-02-10T15:11:27 IST" skipped="0">
  <testcase classname="testNG.TestNG_ParametersTask" name="testParameter" time="0.012"/>
  <system-out/>
</testsuite> <!-- testNG.TestNG_ParametersTask -->
