<?xml version="1.0" encoding="UTF-8"?>
<!-- Generated by org.testng.reporters.JUnitReportReporter -->
<testsuite hostname="LIN25001445" failures="0" tests="2" name="testNG_Practice.LLelExecution" time="5.165" errors="0" timestamp="2023-02-13T14:29:10 IST" skipped="0">
  <testcase classname="testNG_Practice.LLelExecution" name="test1" time="3.104"/>
  <system-out/>
  <testcase classname="testNG_Practice.LLelExecution" name="test2" time="2.061"/>
  <system-out/>
</testsuite> <!-- testNG_Practice.LLelExecution -->
