<?xml version="1.0" encoding="UTF-8"?>
<!-- Generated by org.testng.reporters.JUnitReportReporter -->
<testsuite hostname="LIN25001445" failures="0" tests="6" name="testNG.TestNG_Task3_WithAttributes" time="14.678" errors="0" timestamp="2023-02-08T22:11:28 IST" skipped="1">
  <testcase classname="testNG.TestNG_Task3_WithAttributes" name="test2" time="3.444"/>
  <system-out/>
  <testcase classname="testNG.TestNG_Task3_WithAttributes" name="test6" time="2.566"/>
  <system-out/>
  <testcase classname="testNG.TestNG_Task3_WithAttributes" name="test3" time="2.510"/>
  <system-out/>
  <testcase classname="testNG.TestNG_Task3_WithAttributes" name="test1" time="3.204"/>
  <system-out/>
  <testcase classname="testNG.TestNG_Task3_WithAttributes" name="fourthTest" time="2.954"/>
  <system-out/>
  <testcase classname="testNG.TestNG_Task3_WithAttributes" name="test5">
    <skipped/>
  </testcase> <!-- test5 -->
  <system-out/>
</testsuite> <!-- testNG.TestNG_Task3_WithAttributes -->
