<?xml version="1.0" encoding="UTF-8"?>
<!-- Generated by org.testng.reporters.JUnitReportReporter -->
<testsuite hostname="LIN25001445" failures="0" tests="3" name="testNG.TestNG_Task2" time="10.079" errors="0" timestamp="2023-02-08T21:02:49 IST" skipped="0">
  <testcase classname="testNG.TestNG_Task2" name="testcase2" time="3.892"/>
  <system-out/>
  <testcase classname="testNG.TestNG_Task2" name="testcase3" time="3.289"/>
  <system-out/>
  <testcase classname="testNG.TestNG_Task2" name="testcase1" time="2.898"/>
  <system-out/>
</testsuite> <!-- testNG.TestNG_Task2 -->
