<?xml version="1.0" encoding="UTF-8"?>
<!-- Generated by org.testng.reporters.JUnitReportReporter -->
<testsuite hostname="LIN25001445" failures="0" tests="2" name="testNG.TestNG_AssertTask" time="6.430" errors="0" timestamp="2023-02-10T14:38:20 IST" skipped="0">
  <testcase classname="testNG.TestNG_AssertTask" name="test2" time="2.508"/>
  <system-out/>
  <testcase classname="testNG.TestNG_AssertTask" name="test1" time="3.922"/>
  <system-out/>
</testsuite> <!-- testNG.TestNG_AssertTask -->
